2023-01-22 23:06:53 [31merror[39m: [31muncaughtException: â¨¯ Unable to compile TypeScript:[39m
[31msource/controllers/Auth.ts(5,8): error TS2613: Module '"/app/source/utils/interface"' has no default export. Did you mean to use 'import { AuthRequest } from "/app/source/utils/interface"' instead?[39m
[31msource/controllers/Auth.ts(16,13): error TS2322: Type '{ username: any; email: any; password: string; }' is not assignable to type '(Without<UserCreateInput, UserUncheckedCreateInput> & UserUncheckedCreateInput) | (Without<...> & UserCreateInput)'.[39m
[31m  Type '{ username: any; email: any; password: string; }' is not assignable to type 'Without<UserUncheckedCreateInput, UserCreateInput> & UserCreateInput'.[39m
[31m    Property 'phone' is missing in type '{ username: any; email: any; password: string; }' but required in type 'UserCreateInput'.[39m
[31msource/controllers/Auth.ts(44,47): error TS2322: Type '{ firstname: any; lastname: any; address: any; phone: any; imageUrl: any; user: { connect: { id: any; }; }; }' is not assignable to type '(Without<ProfileCreateInput, ProfileUncheckedCreateInput> & ProfileUncheckedCreateInput) | (Without<...> & ProfileCreateInput)'.[39m
[31m  Object literal may only specify known properties, and 'phone' does not exist in type '(Without<ProfileCreateInput, ProfileUncheckedCreateInput> & ProfileUncheckedCreateInput) | (Without<...> & ProfileCreateInput)'.[39m
[31msource/controllers/Auth.ts(73,57): error TS2322: Type '{ firstname: any; lastname: any; address: any; imageUrl: any; phone: any; }' is not assignable to type '(Without<ProfileUpdateInput, ProfileUncheckedUpdateInput> & ProfileUncheckedUpdateInput) | (Without<...> & ProfileUpdateInput)'.[39m
[31m  Object literal may only specify known properties, and 'phone' does not exist in type '(Without<ProfileUpdateInput, ProfileUncheckedUpdateInput> & ProfileUncheckedUpdateInput) | (Without<...> & ProfileUpdateInput)'.[39m

[31mTSError: â¨¯ Unable to compile TypeScript:[39m
[31msource/controllers/Auth.ts(5,8): error TS2613: Module '"/app/source/utils/interface"' has no default export. Did you mean to use 'import { AuthRequest } from "/app/source/utils/interface"' instead?[39m
[31msource/controllers/Auth.ts(16,13): error TS2322: Type '{ username: any; email: any; password: string; }' is not assignable to type '(Without<UserCreateInput, UserUncheckedCreateInput> & UserUncheckedCreateInput) | (Without<...> & UserCreateInput)'.[39m
[31m  Type '{ username: any; email: any; password: string; }' is not assignable to type 'Without<UserUncheckedCreateInput, UserCreateInput> & UserCreateInput'.[39m
[31m    Property 'phone' is missing in type '{ username: any; email: any; password: string; }' but required in type 'UserCreateInput'.[39m
[31msource/controllers/Auth.ts(44,47): error TS2322: Type '{ firstname: any; lastname: any; address: any; phone: any; imageUrl: any; user: { connect: { id: any; }; }; }' is not assignable to type '(Without<ProfileCreateInput, ProfileUncheckedCreateInput> & ProfileUncheckedCreateInput) | (Without<...> & ProfileCreateInput)'.[39m
[31m  Object literal may only specify known properties, and 'phone' does not exist in type '(Without<ProfileCreateInput, ProfileUncheckedCreateInput> & ProfileUncheckedCreateInput) | (Without<...> & ProfileCreateInput)'.[39m
[31msource/controllers/Auth.ts(73,57): error TS2322: Type '{ firstname: any; lastname: any; address: any; imageUrl: any; phone: any; }' is not assignable to type '(Without<ProfileUpdateInput, ProfileUncheckedUpdateInput> & ProfileUncheckedUpdateInput) | (Without<...> & ProfileUpdateInput)'.[39m
[31m  Object literal may only specify known properties, and 'phone' does not exist in type '(Without<ProfileUpdateInput, ProfileUncheckedUpdateInput> & ProfileUncheckedUpdateInput) | (Without<...> & ProfileUpdateInput)'.[39m

[31m    at createTSError (/app/node_modules/ts-node/src/index.ts:859:12)[39m
[31m    at reportTSError (/app/node_modules/ts-node/src/index.ts:863:19)[39m
[31m    at getOutput (/app/node_modules/ts-node/src/index.ts:1077:36)[39m
[31m    at Object.compile (/app/node_modules/ts-node/src/index.ts:1433:41)[39m
[31m    at Module.m._compile (/app/node_modules/ts-node/src/index.ts:1617:30)[39m
[31m    at Module._extensions..js (internal/modules/cjs/loader.js:1114:10)[39m
[31m    at Object.require.extensions.<computed> [as .ts] (/app/node_modules/ts-node/src/index.ts:1621:12)[39m
[31m    at Module.load (internal/modules/cjs/loader.js:950:32)[39m
[31m    at Function.Module._load (internal/modules/cjs/loader.js:790:14)[39m
[31m    at Module.require (internal/modules/cjs/loader.js:974:19)[39m
2023-01-22 23:06:53 [31merror[39m: [31muncaughtException: â¨¯ Unable to compile TypeScript:[39m
[31msource/controllers/Auth.ts(5,8): error TS2613: Module '"/app/source/utils/interface"' has no default export. Did you mean to use 'import { AuthRequest } from "/app/source/utils/interface"' instead?[39m
[31msource/controllers/Auth.ts(16,13): error TS2322: Type '{ username: any; email: any; password: string; }' is not assignable to type '(Without<UserCreateInput, UserUncheckedCreateInput> & UserUncheckedCreateInput) | (Without<...> & UserCreateInput)'.[39m
[31m  Type '{ username: any; email: any; password: string; }' is not assignable to type 'Without<UserUncheckedCreateInput, UserCreateInput> & UserCreateInput'.[39m
[31m    Property 'phone' is missing in type '{ username: any; email: any; password: string; }' but required in type 'UserCreateInput'.[39m
[31msource/controllers/Auth.ts(44,47): error TS2322: Type '{ firstname: any; lastname: any; address: any; phone: any; imageUrl: any; user: { connect: { id: any; }; }; }' is not assignable to type '(Without<ProfileCreateInput, ProfileUncheckedCreateInput> & ProfileUncheckedCreateInput) | (Without<...> & ProfileCreateInput)'.[39m
[31m  Object literal may only specify known properties, and 'phone' does not exist in type '(Without<ProfileCreateInput, ProfileUncheckedCreateInput> & ProfileUncheckedCreateInput) | (Without<...> & ProfileCreateInput)'.[39m
[31msource/controllers/Auth.ts(73,57): error TS2322: Type '{ firstname: any; lastname: any; address: any; imageUrl: any; phone: any; }' is not assignable to type '(Without<ProfileUpdateInput, ProfileUncheckedUpdateInput> & ProfileUncheckedUpdateInput) | (Without<...> & ProfileUpdateInput)'.[39m
[31m  Object literal may only specify known properties, and 'phone' does not exist in type '(Without<ProfileUpdateInput, ProfileUncheckedUpdateInput> & ProfileUncheckedUpdateInput) | (Without<...> & ProfileUpdateInput)'.[39m

[31mTSError: â¨¯ Unable to compile TypeScript:[39m
[31msource/controllers/Auth.ts(5,8): error TS2613: Module '"/app/source/utils/interface"' has no default export. Did you mean to use 'import { AuthRequest } from "/app/source/utils/interface"' instead?[39m
[31msource/controllers/Auth.ts(16,13): error TS2322: Type '{ username: any; email: any; password: string; }' is not assignable to type '(Without<UserCreateInput, UserUncheckedCreateInput> & UserUncheckedCreateInput) | (Without<...> & UserCreateInput)'.[39m
[31m  Type '{ username: any; email: any; password: string; }' is not assignable to type 'Without<UserUncheckedCreateInput, UserCreateInput> & UserCreateInput'.[39m
[31m    Property 'phone' is missing in type '{ username: any; email: any; password: string; }' but required in type 'UserCreateInput'.[39m
[31msource/controllers/Auth.ts(44,47): error TS2322: Type '{ firstname: any; lastname: any; address: any; phone: any; imageUrl: any; user: { connect: { id: any; }; }; }' is not assignable to type '(Without<ProfileCreateInput, ProfileUncheckedCreateInput> & ProfileUncheckedCreateInput) | (Without<...> & ProfileCreateInput)'.[39m
[31m  Object literal may only specify known properties, and 'phone' does not exist in type '(Without<ProfileCreateInput, ProfileUncheckedCreateInput> & ProfileUncheckedCreateInput) | (Without<...> & ProfileCreateInput)'.[39m
[31msource/controllers/Auth.ts(73,57): error TS2322: Type '{ firstname: any; lastname: any; address: any; imageUrl: any; phone: any; }' is not assignable to type '(Without<ProfileUpdateInput, ProfileUncheckedUpdateInput> & ProfileUncheckedUpdateInput) | (Without<...> & ProfileUpdateInput)'.[39m
[31m  Object literal may only specify known properties, and 'phone' does not exist in type '(Without<ProfileUpdateInput, ProfileUncheckedUpdateInput> & ProfileUncheckedUpdateInput) | (Without<...> & ProfileUpdateInput)'.[39m

[31m    at createTSError (/app/node_modules/ts-node/src/index.ts:859:12)[39m
[31m    at reportTSError (/app/node_modules/ts-node/src/index.ts:863:19)[39m
[31m    at getOutput (/app/node_modules/ts-node/src/index.ts:1077:36)[39m
[31m    at Object.compile (/app/node_modules/ts-node/src/index.ts:1433:41)[39m
[31m    at Module.m._compile (/app/node_modules/ts-node/src/index.ts:1617:30)[39m
[31m    at Module._extensions..js (internal/modules/cjs/loader.js:1114:10)[39m
[31m    at Object.require.extensions.<computed> [as .ts] (/app/node_modules/ts-node/src/index.ts:1621:12)[39m
[31m    at Module.load (internal/modules/cjs/loader.js:950:32)[39m
[31m    at Function.Module._load (internal/modules/cjs/loader.js:790:14)[39m
[31m    at Module.require (internal/modules/cjs/loader.js:974:19)[39m
2023-01-22 23:09:28 [31merror[39m: [31muncaughtException: â¨¯ Unable to compile TypeScript:[39m
[31msource/controllers/Auth.ts(5,8): error TS2613: Module '"/app/source/utils/interface"' has no default export. Did you mean to use 'import { AuthRequest } from "/app/source/utils/interface"' instead?[39m
[31msource/controllers/Auth.ts(16,13): error TS2322: Type '{ username: any; email: any; password: string; }' is not assignable to type '(Without<UserCreateInput, UserUncheckedCreateInput> & UserUncheckedCreateInput) | (Without<...> & UserCreateInput)'.[39m
[31m  Type '{ username: any; email: any; password: string; }' is not assignable to type 'Without<UserUncheckedCreateInput, UserCreateInput> & UserCreateInput'.[39m
[31m    Property 'phone' is missing in type '{ username: any; email: any; password: string; }' but required in type 'UserCreateInput'.[39m
[31msource/controllers/Auth.ts(44,47): error TS2322: Type '{ firstname: any; lastname: any; address: any; phone: any; imageUrl: any; user: { connect: { id: any; }; }; }' is not assignable to type '(Without<ProfileCreateInput, ProfileUncheckedCreateInput> & ProfileUncheckedCreateInput) | (Without<...> & ProfileCreateInput)'.[39m
[31m  Object literal may only specify known properties, and 'phone' does not exist in type '(Without<ProfileCreateInput, ProfileUncheckedCreateInput> & ProfileUncheckedCreateInput) | (Without<...> & ProfileCreateInput)'.[39m
[31msource/controllers/Auth.ts(73,57): error TS2322: Type '{ firstname: any; lastname: any; address: any; imageUrl: any; phone: any; }' is not assignable to type '(Without<ProfileUpdateInput, ProfileUncheckedUpdateInput> & ProfileUncheckedUpdateInput) | (Without<...> & ProfileUpdateInput)'.[39m
[31m  Object literal may only specify known properties, and 'phone' does not exist in type '(Without<ProfileUpdateInput, ProfileUncheckedUpdateInput> & ProfileUncheckedUpdateInput) | (Without<...> & ProfileUpdateInput)'.[39m

[31mTSError: â¨¯ Unable to compile TypeScript:[39m
[31msource/controllers/Auth.ts(5,8): error TS2613: Module '"/app/source/utils/interface"' has no default export. Did you mean to use 'import { AuthRequest } from "/app/source/utils/interface"' instead?[39m
[31msource/controllers/Auth.ts(16,13): error TS2322: Type '{ username: any; email: any; password: string; }' is not assignable to type '(Without<UserCreateInput, UserUncheckedCreateInput> & UserUncheckedCreateInput) | (Without<...> & UserCreateInput)'.[39m
[31m  Type '{ username: any; email: any; password: string; }' is not assignable to type 'Without<UserUncheckedCreateInput, UserCreateInput> & UserCreateInput'.[39m
[31m    Property 'phone' is missing in type '{ username: any; email: any; password: string; }' but required in type 'UserCreateInput'.[39m
[31msource/controllers/Auth.ts(44,47): error TS2322: Type '{ firstname: any; lastname: any; address: any; phone: any; imageUrl: any; user: { connect: { id: any; }; }; }' is not assignable to type '(Without<ProfileCreateInput, ProfileUncheckedCreateInput> & ProfileUncheckedCreateInput) | (Without<...> & ProfileCreateInput)'.[39m
[31m  Object literal may only specify known properties, and 'phone' does not exist in type '(Without<ProfileCreateInput, ProfileUncheckedCreateInput> & ProfileUncheckedCreateInput) | (Without<...> & ProfileCreateInput)'.[39m
[31msource/controllers/Auth.ts(73,57): error TS2322: Type '{ firstname: any; lastname: any; address: any; imageUrl: any; phone: any; }' is not assignable to type '(Without<ProfileUpdateInput, ProfileUncheckedUpdateInput> & ProfileUncheckedUpdateInput) | (Without<...> & ProfileUpdateInput)'.[39m
[31m  Object literal may only specify known properties, and 'phone' does not exist in type '(Without<ProfileUpdateInput, ProfileUncheckedUpdateInput> & ProfileUncheckedUpdateInput) | (Without<...> & ProfileUpdateInput)'.[39m

[31m    at createTSError (/app/node_modules/ts-node/src/index.ts:859:12)[39m
[31m    at reportTSError (/app/node_modules/ts-node/src/index.ts:863:19)[39m
[31m    at getOutput (/app/node_modules/ts-node/src/index.ts:1077:36)[39m
[31m    at Object.compile (/app/node_modules/ts-node/src/index.ts:1433:41)[39m
[31m    at Module.m._compile (/app/node_modules/ts-node/src/index.ts:1617:30)[39m
[31m    at Module._extensions..js (internal/modules/cjs/loader.js:1114:10)[39m
[31m    at Object.require.extensions.<computed> [as .ts] (/app/node_modules/ts-node/src/index.ts:1621:12)[39m
[31m    at Module.load (internal/modules/cjs/loader.js:950:32)[39m
[31m    at Function.Module._load (internal/modules/cjs/loader.js:790:14)[39m
[31m    at Module.require (internal/modules/cjs/loader.js:974:19)[39m
2023-01-22 23:09:28 [31merror[39m: [31muncaughtException: â¨¯ Unable to compile TypeScript:[39m
[31msource/controllers/Auth.ts(5,8): error TS2613: Module '"/app/source/utils/interface"' has no default export. Did you mean to use 'import { AuthRequest } from "/app/source/utils/interface"' instead?[39m
[31msource/controllers/Auth.ts(16,13): error TS2322: Type '{ username: any; email: any; password: string; }' is not assignable to type '(Without<UserCreateInput, UserUncheckedCreateInput> & UserUncheckedCreateInput) | (Without<...> & UserCreateInput)'.[39m
[31m  Type '{ username: any; email: any; password: string; }' is not assignable to type 'Without<UserUncheckedCreateInput, UserCreateInput> & UserCreateInput'.[39m
[31m    Property 'phone' is missing in type '{ username: any; email: any; password: string; }' but required in type 'UserCreateInput'.[39m
[31msource/controllers/Auth.ts(44,47): error TS2322: Type '{ firstname: any; lastname: any; address: any; phone: any; imageUrl: any; user: { connect: { id: any; }; }; }' is not assignable to type '(Without<ProfileCreateInput, ProfileUncheckedCreateInput> & ProfileUncheckedCreateInput) | (Without<...> & ProfileCreateInput)'.[39m
[31m  Object literal may only specify known properties, and 'phone' does not exist in type '(Without<ProfileCreateInput, ProfileUncheckedCreateInput> & ProfileUncheckedCreateInput) | (Without<...> & ProfileCreateInput)'.[39m
[31msource/controllers/Auth.ts(73,57): error TS2322: Type '{ firstname: any; lastname: any; address: any; imageUrl: any; phone: any; }' is not assignable to type '(Without<ProfileUpdateInput, ProfileUncheckedUpdateInput> & ProfileUncheckedUpdateInput) | (Without<...> & ProfileUpdateInput)'.[39m
[31m  Object literal may only specify known properties, and 'phone' does not exist in type '(Without<ProfileUpdateInput, ProfileUncheckedUpdateInput> & ProfileUncheckedUpdateInput) | (Without<...> & ProfileUpdateInput)'.[39m

[31mTSError: â¨¯ Unable to compile TypeScript:[39m
[31msource/controllers/Auth.ts(5,8): error TS2613: Module '"/app/source/utils/interface"' has no default export. Did you mean to use 'import { AuthRequest } from "/app/source/utils/interface"' instead?[39m
[31msource/controllers/Auth.ts(16,13): error TS2322: Type '{ username: any; email: any; password: string; }' is not assignable to type '(Without<UserCreateInput, UserUncheckedCreateInput> & UserUncheckedCreateInput) | (Without<...> & UserCreateInput)'.[39m
[31m  Type '{ username: any; email: any; password: string; }' is not assignable to type 'Without<UserUncheckedCreateInput, UserCreateInput> & UserCreateInput'.[39m
[31m    Property 'phone' is missing in type '{ username: any; email: any; password: string; }' but required in type 'UserCreateInput'.[39m
[31msource/controllers/Auth.ts(44,47): error TS2322: Type '{ firstname: any; lastname: any; address: any; phone: any; imageUrl: any; user: { connect: { id: any; }; }; }' is not assignable to type '(Without<ProfileCreateInput, ProfileUncheckedCreateInput> & ProfileUncheckedCreateInput) | (Without<...> & ProfileCreateInput)'.[39m
[31m  Object literal may only specify known properties, and 'phone' does not exist in type '(Without<ProfileCreateInput, ProfileUncheckedCreateInput> & ProfileUncheckedCreateInput) | (Without<...> & ProfileCreateInput)'.[39m
[31msource/controllers/Auth.ts(73,57): error TS2322: Type '{ firstname: any; lastname: any; address: any; imageUrl: any; phone: any; }' is not assignable to type '(Without<ProfileUpdateInput, ProfileUncheckedUpdateInput> & ProfileUncheckedUpdateInput) | (Without<...> & ProfileUpdateInput)'.[39m
[31m  Object literal may only specify known properties, and 'phone' does not exist in type '(Without<ProfileUpdateInput, ProfileUncheckedUpdateInput> & ProfileUncheckedUpdateInput) | (Without<...> & ProfileUpdateInput)'.[39m

[31m    at createTSError (/app/node_modules/ts-node/src/index.ts:859:12)[39m
[31m    at reportTSError (/app/node_modules/ts-node/src/index.ts:863:19)[39m
[31m    at getOutput (/app/node_modules/ts-node/src/index.ts:1077:36)[39m
[31m    at Object.compile (/app/node_modules/ts-node/src/index.ts:1433:41)[39m
[31m    at Module.m._compile (/app/node_modules/ts-node/src/index.ts:1617:30)[39m
[31m    at Module._extensions..js (internal/modules/cjs/loader.js:1114:10)[39m
[31m    at Object.require.extensions.<computed> [as .ts] (/app/node_modules/ts-node/src/index.ts:1621:12)[39m
[31m    at Module.load (internal/modules/cjs/loader.js:950:32)[39m
[31m    at Function.Module._load (internal/modules/cjs/loader.js:790:14)[39m
[31m    at Module.require (internal/modules/cjs/loader.js:974:19)[39m
2023-01-30 10:34:50 [31merror[39m: [31muncaughtException: â¨¯ Unable to compile TypeScript:[39m
[31msource/controllers/Auth.ts(56,54): error TS2345: Argument of type '{ where: { id: any; }; select: { id: true; username: true; phone: true; email: true; }; include: { profile: true; }; }' is not assignable to parameter of type 'SelectSubset<{ where: { id: any; }; select: { id: true; username: true; phone: true; email: true; }; include: { profile: true; }; }, UserFindUniqueArgs>'.[39m
[31m  Type '{ where: { id: any; }; select: { id: true; username: true; phone: true; email: true; }; include: { profile: true; }; }' is not assignable to type '"Please either choose `select` or `include`."'.[39m

[31mTSError: â¨¯ Unable to compile TypeScript:[39m
[31msource/controllers/Auth.ts(56,54): error TS2345: Argument of type '{ where: { id: any; }; select: { id: true; username: true; phone: true; email: true; }; include: { profile: true; }; }' is not assignable to parameter of type 'SelectSubset<{ where: { id: any; }; select: { id: true; username: true; phone: true; email: true; }; include: { profile: true; }; }, UserFindUniqueArgs>'.[39m
[31m  Type '{ where: { id: any; }; select: { id: true; username: true; phone: true; email: true; }; include: { profile: true; }; }' is not assignable to type '"Please either choose `select` or `include`."'.[39m

[31m    at createTSError (/app/node_modules/ts-node/src/index.ts:859:12)[39m
[31m    at reportTSError (/app/node_modules/ts-node/src/index.ts:863:19)[39m
[31m    at getOutput (/app/node_modules/ts-node/src/index.ts:1077:36)[39m
[31m    at Object.compile (/app/node_modules/ts-node/src/index.ts:1433:41)[39m
[31m    at Module.m._compile (/app/node_modules/ts-node/src/index.ts:1617:30)[39m
[31m    at Module._extensions..js (internal/modules/cjs/loader.js:1114:10)[39m
[31m    at Object.require.extensions.<computed> [as .ts] (/app/node_modules/ts-node/src/index.ts:1621:12)[39m
[31m    at Module.load (internal/modules/cjs/loader.js:950:32)[39m
[31m    at Function.Module._load (internal/modules/cjs/loader.js:790:14)[39m
[31m    at Module.require (internal/modules/cjs/loader.js:974:19)[39m
2023-01-30 10:34:50 [31merror[39m: [31muncaughtException: â¨¯ Unable to compile TypeScript:[39m
[31msource/controllers/Auth.ts(56,54): error TS2345: Argument of type '{ where: { id: any; }; select: { id: true; username: true; phone: true; email: true; }; include: { profile: true; }; }' is not assignable to parameter of type 'SelectSubset<{ where: { id: any; }; select: { id: true; username: true; phone: true; email: true; }; include: { profile: true; }; }, UserFindUniqueArgs>'.[39m
[31m  Type '{ where: { id: any; }; select: { id: true; username: true; phone: true; email: true; }; include: { profile: true; }; }' is not assignable to type '"Please either choose `select` or `include`."'.[39m

[31mTSError: â¨¯ Unable to compile TypeScript:[39m
[31msource/controllers/Auth.ts(56,54): error TS2345: Argument of type '{ where: { id: any; }; select: { id: true; username: true; phone: true; email: true; }; include: { profile: true; }; }' is not assignable to parameter of type 'SelectSubset<{ where: { id: any; }; select: { id: true; username: true; phone: true; email: true; }; include: { profile: true; }; }, UserFindUniqueArgs>'.[39m
[31m  Type '{ where: { id: any; }; select: { id: true; username: true; phone: true; email: true; }; include: { profile: true; }; }' is not assignable to type '"Please either choose `select` or `include`."'.[39m

[31m    at createTSError (/app/node_modules/ts-node/src/index.ts:859:12)[39m
[31m    at reportTSError (/app/node_modules/ts-node/src/index.ts:863:19)[39m
[31m    at getOutput (/app/node_modules/ts-node/src/index.ts:1077:36)[39m
[31m    at Object.compile (/app/node_modules/ts-node/src/index.ts:1433:41)[39m
[31m    at Module.m._compile (/app/node_modules/ts-node/src/index.ts:1617:30)[39m
[31m    at Module._extensions..js (internal/modules/cjs/loader.js:1114:10)[39m
[31m    at Object.require.extensions.<computed> [as .ts] (/app/node_modules/ts-node/src/index.ts:1621:12)[39m
[31m    at Module.load (internal/modules/cjs/loader.js:950:32)[39m
[31m    at Function.Module._load (internal/modules/cjs/loader.js:790:14)[39m
[31m    at Module.require (internal/modules/cjs/loader.js:974:19)[39m
2023-01-30 10:58:31 [31merror[39m: [31muncaughtException: â¨¯ Unable to compile TypeScript:[39m
[31msource/controllers/Auth.ts(70,47): error TS2322: Type '{ firstname: any; lastname: any; address: any; imageUrl: any; }' is not assignable to type '(Without<ProfileUpdateInput, ProfileUncheckedUpdateInput> & ProfileUncheckedUpdateInput) | (Without<...> & ProfileUpdateInput)'.[39m
[31m  Object literal may only specify known properties, and 'imageUrl' does not exist in type '(Without<ProfileUpdateInput, ProfileUncheckedUpdateInput> & ProfileUncheckedUpdateInput) | (Without<...> & ProfileUpdateInput)'.[39m

[31mTSError: â¨¯ Unable to compile TypeScript:[39m
[31msource/controllers/Auth.ts(70,47): error TS2322: Type '{ firstname: any; lastname: any; address: any; imageUrl: any; }' is not assignable to type '(Without<ProfileUpdateInput, ProfileUncheckedUpdateInput> & ProfileUncheckedUpdateInput) | (Without<...> & ProfileUpdateInput)'.[39m
[31m  Object literal may only specify known properties, and 'imageUrl' does not exist in type '(Without<ProfileUpdateInput, ProfileUncheckedUpdateInput> & ProfileUncheckedUpdateInput) | (Without<...> & ProfileUpdateInput)'.[39m

[31m    at createTSError (/app/node_modules/ts-node/src/index.ts:859:12)[39m
[31m    at reportTSError (/app/node_modules/ts-node/src/index.ts:863:19)[39m
[31m    at getOutput (/app/node_modules/ts-node/src/index.ts:1077:36)[39m
[31m    at Object.compile (/app/node_modules/ts-node/src/index.ts:1433:41)[39m
[31m    at Module.m._compile (/app/node_modules/ts-node/src/index.ts:1617:30)[39m
[31m    at Module._extensions..js (internal/modules/cjs/loader.js:1114:10)[39m
[31m    at Object.require.extensions.<computed> [as .ts] (/app/node_modules/ts-node/src/index.ts:1621:12)[39m
[31m    at Module.load (internal/modules/cjs/loader.js:950:32)[39m
[31m    at Function.Module._load (internal/modules/cjs/loader.js:790:14)[39m
[31m    at Module.require (internal/modules/cjs/loader.js:974:19)[39m
2023-01-30 10:58:31 [31merror[39m: [31muncaughtException: â¨¯ Unable to compile TypeScript:[39m
[31msource/controllers/Auth.ts(70,47): error TS2322: Type '{ firstname: any; lastname: any; address: any; imageUrl: any; }' is not assignable to type '(Without<ProfileUpdateInput, ProfileUncheckedUpdateInput> & ProfileUncheckedUpdateInput) | (Without<...> & ProfileUpdateInput)'.[39m
[31m  Object literal may only specify known properties, and 'imageUrl' does not exist in type '(Without<ProfileUpdateInput, ProfileUncheckedUpdateInput> & ProfileUncheckedUpdateInput) | (Without<...> & ProfileUpdateInput)'.[39m

[31mTSError: â¨¯ Unable to compile TypeScript:[39m
[31msource/controllers/Auth.ts(70,47): error TS2322: Type '{ firstname: any; lastname: any; address: any; imageUrl: any; }' is not assignable to type '(Without<ProfileUpdateInput, ProfileUncheckedUpdateInput> & ProfileUncheckedUpdateInput) | (Without<...> & ProfileUpdateInput)'.[39m
[31m  Object literal may only specify known properties, and 'imageUrl' does not exist in type '(Without<ProfileUpdateInput, ProfileUncheckedUpdateInput> & ProfileUncheckedUpdateInput) | (Without<...> & ProfileUpdateInput)'.[39m

[31m    at createTSError (/app/node_modules/ts-node/src/index.ts:859:12)[39m
[31m    at reportTSError (/app/node_modules/ts-node/src/index.ts:863:19)[39m
[31m    at getOutput (/app/node_modules/ts-node/src/index.ts:1077:36)[39m
[31m    at Object.compile (/app/node_modules/ts-node/src/index.ts:1433:41)[39m
[31m    at Module.m._compile (/app/node_modules/ts-node/src/index.ts:1617:30)[39m
[31m    at Module._extensions..js (internal/modules/cjs/loader.js:1114:10)[39m
[31m    at Object.require.extensions.<computed> [as .ts] (/app/node_modules/ts-node/src/index.ts:1621:12)[39m
[31m    at Module.load (internal/modules/cjs/loader.js:950:32)[39m
[31m    at Function.Module._load (internal/modules/cjs/loader.js:790:14)[39m
[31m    at Module.require (internal/modules/cjs/loader.js:974:19)[39m
2023-01-31 20:49:36 [31merror[39m: [31munhandledRejection: [39m
[31mInvalid `prisma.product.findUnique()` invocation in[39m
[31mC:\Users\KUYE_HARRY\Desktop\COOK\Ecommerce Api\source\controllers\products.ts:20:42[39m

[31m  17 static getProduct =  async(req: Request, res: Response)=>{[39m
[31m  18     const id = req.params.id[39m
[31m  19  [39m
[31mâ†’ 20     const product = await prisma.product.findUnique([39m
[31mThe table `public.product` does not exist in the current database.[39m
[31mError: [39m
[31mInvalid `prisma.product.findUnique()` invocation in[39m
[31mC:\Users\KUYE_HARRY\Desktop\COOK\Ecommerce Api\source\controllers\products.ts:20:42[39m

[31m  17 static getProduct =  async(req: Request, res: Response)=>{[39m
[31m  18     const id = req.params.id[39m
[31m  19  [39m
[31mâ†’ 20     const product = await prisma.product.findUnique([39m
[31mThe table `public.product` does not exist in the current database.[39m
[31m    at RequestHandler.handleRequestError (C:\Users\KUYE_HARRY\Desktop\COOK\Ecommerce Api\node_modules\@prisma\client\runtime\index.js:35024:13)[39m
[31m    at RequestHandler.handleAndLogRequestError (C:\Users\KUYE_HARRY\Desktop\COOK\Ecommerce Api\node_modules\@prisma\client\runtime\index.js:34996:12)[39m
[31m    at RequestHandler.request (C:\Users\KUYE_HARRY\Desktop\COOK\Ecommerce Api\node_modules\@prisma\client\runtime\index.js:34991:12)[39m
[31m    at async PrismaClient._request (C:\Users\KUYE_HARRY\Desktop\COOK\Ecommerce Api\node_modules\@prisma\client\runtime\index.js:36082:16)[39m
2023-01-31 20:49:36 [31merror[39m: [31munhandledRejection: [39m
[31mInvalid `prisma.product.findUnique()` invocation in[39m
[31mC:\Users\KUYE_HARRY\Desktop\COOK\Ecommerce Api\source\controllers\products.ts:20:42[39m

[31m  17 static getProduct =  async(req: Request, res: Response)=>{[39m
[31m  18     const id = req.params.id[39m
[31m  19  [39m
[31mâ†’ 20     const product = await prisma.product.findUnique([39m
[31mThe table `public.product` does not exist in the current database.[39m
[31mError: [39m
[31mInvalid `prisma.product.findUnique()` invocation in[39m
[31mC:\Users\KUYE_HARRY\Desktop\COOK\Ecommerce Api\source\controllers\products.ts:20:42[39m

[31m  17 static getProduct =  async(req: Request, res: Response)=>{[39m
[31m  18     const id = req.params.id[39m
[31m  19  [39m
[31mâ†’ 20     const product = await prisma.product.findUnique([39m
[31mThe table `public.product` does not exist in the current database.[39m
[31m    at RequestHandler.handleRequestError (C:\Users\KUYE_HARRY\Desktop\COOK\Ecommerce Api\node_modules\@prisma\client\runtime\index.js:35024:13)[39m
[31m    at RequestHandler.handleAndLogRequestError (C:\Users\KUYE_HARRY\Desktop\COOK\Ecommerce Api\node_modules\@prisma\client\runtime\index.js:34996:12)[39m
[31m    at RequestHandler.request (C:\Users\KUYE_HARRY\Desktop\COOK\Ecommerce Api\node_modules\@prisma\client\runtime\index.js:34991:12)[39m
[31m    at async PrismaClient._request (C:\Users\KUYE_HARRY\Desktop\COOK\Ecommerce Api\node_modules\@prisma\client\runtime\index.js:36082:16)[39m
2023-02-01 07:11:12 [31merror[39m: [31munhandledRejection: [39m
[31mInvalid `prisma.product.findUnique()` invocation in[39m
[31mC:\Users\KUYE_HARRY\Desktop\COOK\Ecommerce Api\source\controllers\products.ts:20:42[39m

[31m  17 static getProduct =  async(req: Request, res: Response)=>{[39m
[31m  18     const id = req.params.id[39m
[31m  19  [39m
[31mâ†’ 20     const product = await prisma.product.findUnique([39m
[31mDatabase `ddl8qrsfbjedt` does not exist on the database server at `ec2-52-21-136-176.compute-1.amazonaws.com:5432`.[39m
[31mError: [39m
[31mInvalid `prisma.product.findUnique()` invocation in[39m
[31mC:\Users\KUYE_HARRY\Desktop\COOK\Ecommerce Api\source\controllers\products.ts:20:42[39m

[31m  17 static getProduct =  async(req: Request, res: Response)=>{[39m
[31m  18     const id = req.params.id[39m
[31m  19  [39m
[31mâ†’ 20     const product = await prisma.product.findUnique([39m
[31mDatabase `ddl8qrsfbjedt` does not exist on the database server at `ec2-52-21-136-176.compute-1.amazonaws.com:5432`.[39m
[31m    at RequestHandler.handleRequestError (C:\Users\KUYE_HARRY\Desktop\COOK\Ecommerce Api\node_modules\@prisma\client\runtime\index.js:35038:13)[39m
[31m    at RequestHandler.handleAndLogRequestError (C:\Users\KUYE_HARRY\Desktop\COOK\Ecommerce Api\node_modules\@prisma\client\runtime\index.js:34996:12)[39m
[31m    at C:\Users\KUYE_HARRY\Desktop\COOK\Ecommerce Api\node_modules\@prisma\client\runtime\index.js:35542:25[39m
[31m    at async PrismaClient._executeRequest (C:\Users\KUYE_HARRY\Desktop\COOK\Ecommerce Api\node_modules\@prisma\client\runtime\index.js:36111:22)[39m
[31m    at async PrismaClient._request (C:\Users\KUYE_HARRY\Desktop\COOK\Ecommerce Api\node_modules\@prisma\client\runtime\index.js:36082:16)[39m
2023-02-01 07:11:12 [31merror[39m: [31munhandledRejection: [39m
[31mInvalid `prisma.product.findUnique()` invocation in[39m
[31mC:\Users\KUYE_HARRY\Desktop\COOK\Ecommerce Api\source\controllers\products.ts:20:42[39m

[31m  17 static getProduct =  async(req: Request, res: Response)=>{[39m
[31m  18     const id = req.params.id[39m
[31m  19  [39m
[31mâ†’ 20     const product = await prisma.product.findUnique([39m
[31mDatabase `ddl8qrsfbjedt` does not exist on the database server at `ec2-52-21-136-176.compute-1.amazonaws.com:5432`.[39m
[31mError: [39m
[31mInvalid `prisma.product.findUnique()` invocation in[39m
[31mC:\Users\KUYE_HARRY\Desktop\COOK\Ecommerce Api\source\controllers\products.ts:20:42[39m

[31m  17 static getProduct =  async(req: Request, res: Response)=>{[39m
[31m  18     const id = req.params.id[39m
[31m  19  [39m
[31mâ†’ 20     const product = await prisma.product.findUnique([39m
[31mDatabase `ddl8qrsfbjedt` does not exist on the database server at `ec2-52-21-136-176.compute-1.amazonaws.com:5432`.[39m
[31m    at RequestHandler.handleRequestError (C:\Users\KUYE_HARRY\Desktop\COOK\Ecommerce Api\node_modules\@prisma\client\runtime\index.js:35038:13)[39m
[31m    at RequestHandler.handleAndLogRequestError (C:\Users\KUYE_HARRY\Desktop\COOK\Ecommerce Api\node_modules\@prisma\client\runtime\index.js:34996:12)[39m
[31m    at C:\Users\KUYE_HARRY\Desktop\COOK\Ecommerce Api\node_modules\@prisma\client\runtime\index.js:35542:25[39m
[31m    at async PrismaClient._executeRequest (C:\Users\KUYE_HARRY\Desktop\COOK\Ecommerce Api\node_modules\@prisma\client\runtime\index.js:36111:22)[39m
[31m    at async PrismaClient._request (C:\Users\KUYE_HARRY\Desktop\COOK\Ecommerce Api\node_modules\@prisma\client\runtime\index.js:36082:16)[39m
2023-02-01 07:14:55 [31merror[39m: [31munhandledRejection: [39m
[31mInvalid `prisma.product.findUnique()` invocation in[39m
[31mC:\Users\KUYE_HARRY\Desktop\COOK\Ecommerce Api\source\controllers\products.ts:20:42[39m

[31m  17 static getProduct =  async(req: Request, res: Response)=>{[39m
[31m  18     const id = req.params.id[39m
[31m  19  [39m
[31mâ†’ 20     const product = await prisma.product.findUnique([39m
[31mCan't reach database server at `ec2-52-21-136-176.compute-1.amazonaws.com`:`5432`[39m

[31mPlease make sure your database server is running at `ec2-52-21-136-176.compute-1.amazonaws.com`:`5432`.[39m
[31mError: [39m
[31mInvalid `prisma.product.findUnique()` invocation in[39m
[31mC:\Users\KUYE_HARRY\Desktop\COOK\Ecommerce Api\source\controllers\products.ts:20:42[39m

[31m  17 static getProduct =  async(req: Request, res: Response)=>{[39m
[31m  18     const id = req.params.id[39m
[31m  19  [39m
[31mâ†’ 20     const product = await prisma.product.findUnique([39m
[31mCan't reach database server at `ec2-52-21-136-176.compute-1.amazonaws.com`:`5432`[39m

[31mPlease make sure your database server is running at `ec2-52-21-136-176.compute-1.amazonaws.com`:`5432`.[39m
[31m    at RequestHandler.handleRequestError (C:\Users\KUYE_HARRY\Desktop\COOK\Ecommerce Api\node_modules\@prisma\client\runtime\index.js:35038:13)[39m
[31m    at RequestHandler.handleAndLogRequestError (C:\Users\KUYE_HARRY\Desktop\COOK\Ecommerce Api\node_modules\@prisma\client\runtime\index.js:34996:12)[39m
[31m    at C:\Users\KUYE_HARRY\Desktop\COOK\Ecommerce Api\node_modules\@prisma\client\runtime\index.js:35542:25[39m
[31m    at async PrismaClient._executeRequest (C:\Users\KUYE_HARRY\Desktop\COOK\Ecommerce Api\node_modules\@prisma\client\runtime\index.js:36111:22)[39m
[31m    at async PrismaClient._request (C:\Users\KUYE_HARRY\Desktop\COOK\Ecommerce Api\node_modules\@prisma\client\runtime\index.js:36082:16)[39m
2023-02-01 07:14:55 [31merror[39m: [31munhandledRejection: [39m
[31mInvalid `prisma.product.findUnique()` invocation in[39m
[31mC:\Users\KUYE_HARRY\Desktop\COOK\Ecommerce Api\source\controllers\products.ts:20:42[39m

[31m  17 static getProduct =  async(req: Request, res: Response)=>{[39m
[31m  18     const id = req.params.id[39m
[31m  19  [39m
[31mâ†’ 20     const product = await prisma.product.findUnique([39m
[31mCan't reach database server at `ec2-52-21-136-176.compute-1.amazonaws.com`:`5432`[39m

[31mPlease make sure your database server is running at `ec2-52-21-136-176.compute-1.amazonaws.com`:`5432`.[39m
[31mError: [39m
[31mInvalid `prisma.product.findUnique()` invocation in[39m
[31mC:\Users\KUYE_HARRY\Desktop\COOK\Ecommerce Api\source\controllers\products.ts:20:42[39m

[31m  17 static getProduct =  async(req: Request, res: Response)=>{[39m
[31m  18     const id = req.params.id[39m
[31m  19  [39m
[31mâ†’ 20     const product = await prisma.product.findUnique([39m
[31mCan't reach database server at `ec2-52-21-136-176.compute-1.amazonaws.com`:`5432`[39m

[31mPlease make sure your database server is running at `ec2-52-21-136-176.compute-1.amazonaws.com`:`5432`.[39m
[31m    at RequestHandler.handleRequestError (C:\Users\KUYE_HARRY\Desktop\COOK\Ecommerce Api\node_modules\@prisma\client\runtime\index.js:35038:13)[39m
[31m    at RequestHandler.handleAndLogRequestError (C:\Users\KUYE_HARRY\Desktop\COOK\Ecommerce Api\node_modules\@prisma\client\runtime\index.js:34996:12)[39m
[31m    at C:\Users\KUYE_HARRY\Desktop\COOK\Ecommerce Api\node_modules\@prisma\client\runtime\index.js:35542:25[39m
[31m    at async PrismaClient._executeRequest (C:\Users\KUYE_HARRY\Desktop\COOK\Ecommerce Api\node_modules\@prisma\client\runtime\index.js:36111:22)[39m
[31m    at async PrismaClient._request (C:\Users\KUYE_HARRY\Desktop\COOK\Ecommerce Api\node_modules\@prisma\client\runtime\index.js:36082:16)[39m
2023-02-01 07:19:48 [31merror[39m: [31munhandledRejection: [39m
[31mInvalid `prisma.product.findUnique()` invocation in[39m
[31mC:\Users\KUYE_HARRY\Desktop\COOK\Ecommerce Api\source\controllers\products.ts:20:42[39m

[31m  17 static getProduct =  async(req: Request, res: Response)=>{[39m
[31m  18     const id = req.params.id[39m
[31m  19  [39m
[31mâ†’ 20     const product = await prisma.product.findUnique([39m
[31mCan't reach database server at `ec2-52-21-136-176.compute-1.amazonaws.com`:`5432`[39m

[31mPlease make sure your database server is running at `ec2-52-21-136-176.compute-1.amazonaws.com`:`5432`.[39m
[31mError: [39m
[31mInvalid `prisma.product.findUnique()` invocation in[39m
[31mC:\Users\KUYE_HARRY\Desktop\COOK\Ecommerce Api\source\controllers\products.ts:20:42[39m

[31m  17 static getProduct =  async(req: Request, res: Response)=>{[39m
[31m  18     const id = req.params.id[39m
[31m  19  [39m
[31mâ†’ 20     const product = await prisma.product.findUnique([39m
[31mCan't reach database server at `ec2-52-21-136-176.compute-1.amazonaws.com`:`5432`[39m

[31mPlease make sure your database server is running at `ec2-52-21-136-176.compute-1.amazonaws.com`:`5432`.[39m
[31m    at RequestHandler.handleRequestError (C:\Users\KUYE_HARRY\Desktop\COOK\Ecommerce Api\node_modules\@prisma\client\runtime\index.js:35038:13)[39m
[31m    at RequestHandler.handleAndLogRequestError (C:\Users\KUYE_HARRY\Desktop\COOK\Ecommerce Api\node_modules\@prisma\client\runtime\index.js:34996:12)[39m
[31m    at C:\Users\KUYE_HARRY\Desktop\COOK\Ecommerce Api\node_modules\@prisma\client\runtime\index.js:35542:25[39m
[31m    at async PrismaClient._executeRequest (C:\Users\KUYE_HARRY\Desktop\COOK\Ecommerce Api\node_modules\@prisma\client\runtime\index.js:36111:22)[39m
[31m    at async PrismaClient._request (C:\Users\KUYE_HARRY\Desktop\COOK\Ecommerce Api\node_modules\@prisma\client\runtime\index.js:36082:16)[39m
2023-02-01 07:19:48 [31merror[39m: [31munhandledRejection: [39m
[31mInvalid `prisma.product.findUnique()` invocation in[39m
[31mC:\Users\KUYE_HARRY\Desktop\COOK\Ecommerce Api\source\controllers\products.ts:20:42[39m

[31m  17 static getProduct =  async(req: Request, res: Response)=>{[39m
[31m  18     const id = req.params.id[39m
[31m  19  [39m
[31mâ†’ 20     const product = await prisma.product.findUnique([39m
[31mCan't reach database server at `ec2-52-21-136-176.compute-1.amazonaws.com`:`5432`[39m

[31mPlease make sure your database server is running at `ec2-52-21-136-176.compute-1.amazonaws.com`:`5432`.[39m
[31mError: [39m
[31mInvalid `prisma.product.findUnique()` invocation in[39m
[31mC:\Users\KUYE_HARRY\Desktop\COOK\Ecommerce Api\source\controllers\products.ts:20:42[39m

[31m  17 static getProduct =  async(req: Request, res: Response)=>{[39m
[31m  18     const id = req.params.id[39m
[31m  19  [39m
[31mâ†’ 20     const product = await prisma.product.findUnique([39m
[31mCan't reach database server at `ec2-52-21-136-176.compute-1.amazonaws.com`:`5432`[39m

[31mPlease make sure your database server is running at `ec2-52-21-136-176.compute-1.amazonaws.com`:`5432`.[39m
[31m    at RequestHandler.handleRequestError (C:\Users\KUYE_HARRY\Desktop\COOK\Ecommerce Api\node_modules\@prisma\client\runtime\index.js:35038:13)[39m
[31m    at RequestHandler.handleAndLogRequestError (C:\Users\KUYE_HARRY\Desktop\COOK\Ecommerce Api\node_modules\@prisma\client\runtime\index.js:34996:12)[39m
[31m    at C:\Users\KUYE_HARRY\Desktop\COOK\Ecommerce Api\node_modules\@prisma\client\runtime\index.js:35542:25[39m
[31m    at async PrismaClient._executeRequest (C:\Users\KUYE_HARRY\Desktop\COOK\Ecommerce Api\node_modules\@prisma\client\runtime\index.js:36111:22)[39m
[31m    at async PrismaClient._request (C:\Users\KUYE_HARRY\Desktop\COOK\Ecommerce Api\node_modules\@prisma\client\runtime\index.js:36082:16)[39m
2023-02-01 07:21:08 [31merror[39m: [31munhandledRejection: [39m
[31mInvalid `prisma.product.findUnique()` invocation in[39m
[31mC:\Users\KUYE_HARRY\Desktop\COOK\Ecommerce Api\source\controllers\products.ts:20:42[39m

[31m  17 static getProduct =  async(req: Request, res: Response)=>{[39m
[31m  18     const id = req.params.id[39m
[31m  19  [39m
[31mâ†’ 20     const product = await prisma.product.findUnique([39m
[31mCan't reach database server at `ec2-52-21-136-176.compute-1.amazonaws.com`:`5432`[39m

[31mPlease make sure your database server is running at `ec2-52-21-136-176.compute-1.amazonaws.com`:`5432`.[39m
[31mError: [39m
[31mInvalid `prisma.product.findUnique()` invocation in[39m
[31mC:\Users\KUYE_HARRY\Desktop\COOK\Ecommerce Api\source\controllers\products.ts:20:42[39m

[31m  17 static getProduct =  async(req: Request, res: Response)=>{[39m
[31m  18     const id = req.params.id[39m
[31m  19  [39m
[31mâ†’ 20     const product = await prisma.product.findUnique([39m
[31mCan't reach database server at `ec2-52-21-136-176.compute-1.amazonaws.com`:`5432`[39m

[31mPlease make sure your database server is running at `ec2-52-21-136-176.compute-1.amazonaws.com`:`5432`.[39m
[31m    at RequestHandler.handleRequestError (C:\Users\KUYE_HARRY\Desktop\COOK\Ecommerce Api\node_modules\@prisma\client\runtime\index.js:35038:13)[39m
[31m    at RequestHandler.handleAndLogRequestError (C:\Users\KUYE_HARRY\Desktop\COOK\Ecommerce Api\node_modules\@prisma\client\runtime\index.js:34996:12)[39m
[31m    at C:\Users\KUYE_HARRY\Desktop\COOK\Ecommerce Api\node_modules\@prisma\client\runtime\index.js:35542:25[39m
[31m    at async PrismaClient._executeRequest (C:\Users\KUYE_HARRY\Desktop\COOK\Ecommerce Api\node_modules\@prisma\client\runtime\index.js:36111:22)[39m
[31m    at async PrismaClient._request (C:\Users\KUYE_HARRY\Desktop\COOK\Ecommerce Api\node_modules\@prisma\client\runtime\index.js:36082:16)[39m
2023-02-01 07:21:08 [31merror[39m: [31munhandledRejection: [39m
[31mInvalid `prisma.product.findUnique()` invocation in[39m
[31mC:\Users\KUYE_HARRY\Desktop\COOK\Ecommerce Api\source\controllers\products.ts:20:42[39m

[31m  17 static getProduct =  async(req: Request, res: Response)=>{[39m
[31m  18     const id = req.params.id[39m
[31m  19  [39m
[31mâ†’ 20     const product = await prisma.product.findUnique([39m
[31mCan't reach database server at `ec2-52-21-136-176.compute-1.amazonaws.com`:`5432`[39m

[31mPlease make sure your database server is running at `ec2-52-21-136-176.compute-1.amazonaws.com`:`5432`.[39m
[31mError: [39m
[31mInvalid `prisma.product.findUnique()` invocation in[39m
[31mC:\Users\KUYE_HARRY\Desktop\COOK\Ecommerce Api\source\controllers\products.ts:20:42[39m

[31m  17 static getProduct =  async(req: Request, res: Response)=>{[39m
[31m  18     const id = req.params.id[39m
[31m  19  [39m
[31mâ†’ 20     const product = await prisma.product.findUnique([39m
[31mCan't reach database server at `ec2-52-21-136-176.compute-1.amazonaws.com`:`5432`[39m

[31mPlease make sure your database server is running at `ec2-52-21-136-176.compute-1.amazonaws.com`:`5432`.[39m
[31m    at RequestHandler.handleRequestError (C:\Users\KUYE_HARRY\Desktop\COOK\Ecommerce Api\node_modules\@prisma\client\runtime\index.js:35038:13)[39m
[31m    at RequestHandler.handleAndLogRequestError (C:\Users\KUYE_HARRY\Desktop\COOK\Ecommerce Api\node_modules\@prisma\client\runtime\index.js:34996:12)[39m
[31m    at C:\Users\KUYE_HARRY\Desktop\COOK\Ecommerce Api\node_modules\@prisma\client\runtime\index.js:35542:25[39m
[31m    at async PrismaClient._executeRequest (C:\Users\KUYE_HARRY\Desktop\COOK\Ecommerce Api\node_modules\@prisma\client\runtime\index.js:36111:22)[39m
[31m    at async PrismaClient._request (C:\Users\KUYE_HARRY\Desktop\COOK\Ecommerce Api\node_modules\@prisma\client\runtime\index.js:36082:16)[39m
2023-02-25 01:56:41 [31merror[39m: [31muncaughtException: â¨¯ Unable to compile TypeScript:[39m
[31m[96msource/controllers/Oauth.ts[0m:[93m24[0m:[93m75[0m - [91merror[0m[90m TS2345: [0mArgument of type '{}' is not assignable to parameter of type '{ code: string; }'.[39m
[31m  Property 'code' is missing in type '{}' but required in type '{ code: string; }'.[39m

[31m[7m24[0m           const { id_token, access_token } = await googleService.getToken({});[39m
[31m[7m  [0m [91m                                                                          ~~[0m[39m

[31m  [96msource/service/googleOauth.ts[0m:[93m15[0m:[93m9[0m[39m
[31m    [7m15[0m         code: string;[39m
[31m    [7m  [0m [96m        ~~~~[0m[39m
[31m    'code' is declared here.[39m

[31mTSError: â¨¯ Unable to compile TypeScript:[39m
[31m[96msource/controllers/Oauth.ts[0m:[93m24[0m:[93m75[0m - [91merror[0m[90m TS2345: [0mArgument of type '{}' is not assignable to parameter of type '{ code: string; }'.[39m
[31m  Property 'code' is missing in type '{}' but required in type '{ code: string; }'.[39m

[31m[7m24[0m           const { id_token, access_token } = await googleService.getToken({});[39m
[31m[7m  [0m [91m                                                                          ~~[0m[39m

[31m  [96msource/service/googleOauth.ts[0m:[93m15[0m:[93m9[0m[39m
[31m    [7m15[0m         code: string;[39m
[31m    [7m  [0m [96m        ~~~~[0m[39m
[31m    'code' is declared here.[39m

[31m    at createTSError (C:\Users\KUYE_HARRY\Desktop\COOK\Ecommerce Api\node_modules\ts-node\src\index.ts:859:12)[39m
[31m    at reportTSError (C:\Users\KUYE_HARRY\Desktop\COOK\Ecommerce Api\node_modules\ts-node\src\index.ts:863:19)[39m
[31m    at getOutput (C:\Users\KUYE_HARRY\Desktop\COOK\Ecommerce Api\node_modules\ts-node\src\index.ts:1077:36)[39m
[31m    at Object.compile (C:\Users\KUYE_HARRY\Desktop\COOK\Ecommerce Api\node_modules\ts-node\src\index.ts:1433:41)[39m
[31m    at Module.m._compile (C:\Users\KUYE_HARRY\Desktop\COOK\Ecommerce Api\node_modules\ts-node\src\index.ts:1617:30)[39m
[31m    at Module._extensions..js (node:internal/modules/cjs/loader:1213:10)[39m
[31m    at Object.require.extensions.<computed> [as .ts] (C:\Users\KUYE_HARRY\Desktop\COOK\Ecommerce Api\node_modules\ts-node\src\index.ts:1621:12)[39m
[31m    at Module.load (node:internal/modules/cjs/loader:1037:32)[39m
[31m    at Function.Module._load (node:internal/modules/cjs/loader:878:12)[39m
[31m    at Module.require (node:internal/modules/cjs/loader:1061:19)[39m
2023-02-25 01:56:41 [31merror[39m: [31muncaughtException: â¨¯ Unable to compile TypeScript:[39m
[31m[96msource/controllers/Oauth.ts[0m:[93m24[0m:[93m75[0m - [91merror[0m[90m TS2345: [0mArgument of type '{}' is not assignable to parameter of type '{ code: string; }'.[39m
[31m  Property 'code' is missing in type '{}' but required in type '{ code: string; }'.[39m

[31m[7m24[0m           const { id_token, access_token } = await googleService.getToken({});[39m
[31m[7m  [0m [91m                                                                          ~~[0m[39m

[31m  [96msource/service/googleOauth.ts[0m:[93m15[0m:[93m9[0m[39m
[31m    [7m15[0m         code: string;[39m
[31m    [7m  [0m [96m        ~~~~[0m[39m
[31m    'code' is declared here.[39m

[31mTSError: â¨¯ Unable to compile TypeScript:[39m
[31m[96msource/controllers/Oauth.ts[0m:[93m24[0m:[93m75[0m - [91merror[0m[90m TS2345: [0mArgument of type '{}' is not assignable to parameter of type '{ code: string; }'.[39m
[31m  Property 'code' is missing in type '{}' but required in type '{ code: string; }'.[39m

[31m[7m24[0m           const { id_token, access_token } = await googleService.getToken({});[39m
[31m[7m  [0m [91m                                                                          ~~[0m[39m

[31m  [96msource/service/googleOauth.ts[0m:[93m15[0m:[93m9[0m[39m
[31m    [7m15[0m         code: string;[39m
[31m    [7m  [0m [96m        ~~~~[0m[39m
[31m    'code' is declared here.[39m

[31m    at createTSError (C:\Users\KUYE_HARRY\Desktop\COOK\Ecommerce Api\node_modules\ts-node\src\index.ts:859:12)[39m
[31m    at reportTSError (C:\Users\KUYE_HARRY\Desktop\COOK\Ecommerce Api\node_modules\ts-node\src\index.ts:863:19)[39m
[31m    at getOutput (C:\Users\KUYE_HARRY\Desktop\COOK\Ecommerce Api\node_modules\ts-node\src\index.ts:1077:36)[39m
[31m    at Object.compile (C:\Users\KUYE_HARRY\Desktop\COOK\Ecommerce Api\node_modules\ts-node\src\index.ts:1433:41)[39m
[31m    at Module.m._compile (C:\Users\KUYE_HARRY\Desktop\COOK\Ecommerce Api\node_modules\ts-node\src\index.ts:1617:30)[39m
[31m    at Module._extensions..js (node:internal/modules/cjs/loader:1213:10)[39m
[31m    at Object.require.extensions.<computed> [as .ts] (C:\Users\KUYE_HARRY\Desktop\COOK\Ecommerce Api\node_modules\ts-node\src\index.ts:1621:12)[39m
[31m    at Module.load (node:internal/modules/cjs/loader:1037:32)[39m
[31m    at Function.Module._load (node:internal/modules/cjs/loader:878:12)[39m
[31m    at Module.require (node:internal/modules/cjs/loader:1061:19)[39m
2023-02-25 02:26:52 [31merror[39m: [31muncaughtException: â¨¯ Unable to compile TypeScript:[39m
[31m[96msource/controllers/Oauth.ts[0m:[93m24[0m:[93m66[0m - [91merror[0m[90m TS2554: [0mExpected 1 arguments, but got 0.[39m

[31m[7m24[0m           const { id_token, access_token } = await googleService.getToken();[39m
[31m[7m  [0m [91m                                                                 ~~~~~~~~~~[0m[39m

[31m  [96msource/service/googleOauth.ts[0m:[93m12[0m:[93m23[0m[39m
[31m    [7m 12[0m     getToken = async ({  // get Authorization Token[39m
[31m    [7m   [0m [96m                      ~~~~~~~~~~~~~~~~~~~~~~~~~~~~~[0m[39m
[31m    [7m 13[0m         code,[39m
[31m    [7m   [0m [96m~~~~~~~~~~~~~[0m[39m
[31m    [7m...[0m [39m
[31m    [7m 15[0m         code: string;[39m
[31m    [7m   [0m [96m~~~~~~~~~~~~~~~~~~~~~[0m[39m
[31m    [7m 16[0m       }): Promise<GoogleOauthToken> => {[39m
[31m    [7m   [0m [96m~~~~~~~[0m[39m
[31m    An argument matching this binding pattern was not provided.[39m

[31mTSError: â¨¯ Unable to compile TypeScript:[39m
[31m[96msource/controllers/Oauth.ts[0m:[93m24[0m:[93m66[0m - [91merror[0m[90m TS2554: [0mExpected 1 arguments, but got 0.[39m

[31m[7m24[0m           const { id_token, access_token } = await googleService.getToken();[39m
[31m[7m  [0m [91m                                                                 ~~~~~~~~~~[0m[39m

[31m  [96msource/service/googleOauth.ts[0m:[93m12[0m:[93m23[0m[39m
[31m    [7m 12[0m     getToken = async ({  // get Authorization Token[39m
[31m    [7m   [0m [96m                      ~~~~~~~~~~~~~~~~~~~~~~~~~~~~~[0m[39m
[31m    [7m 13[0m         code,[39m
[31m    [7m   [0m [96m~~~~~~~~~~~~~[0m[39m
[31m    [7m...[0m [39m
[31m    [7m 15[0m         code: string;[39m
[31m    [7m   [0m [96m~~~~~~~~~~~~~~~~~~~~~[0m[39m
[31m    [7m 16[0m       }): Promise<GoogleOauthToken> => {[39m
[31m    [7m   [0m [96m~~~~~~~[0m[39m
[31m    An argument matching this binding pattern was not provided.[39m

[31m    at createTSError (C:\Users\KUYE_HARRY\Desktop\COOK\Ecommerce Api\node_modules\ts-node\src\index.ts:859:12)[39m
[31m    at reportTSError (C:\Users\KUYE_HARRY\Desktop\COOK\Ecommerce Api\node_modules\ts-node\src\index.ts:863:19)[39m
[31m    at getOutput (C:\Users\KUYE_HARRY\Desktop\COOK\Ecommerce Api\node_modules\ts-node\src\index.ts:1077:36)[39m
[31m    at Object.compile (C:\Users\KUYE_HARRY\Desktop\COOK\Ecommerce Api\node_modules\ts-node\src\index.ts:1433:41)[39m
[31m    at Module.m._compile (C:\Users\KUYE_HARRY\Desktop\COOK\Ecommerce Api\node_modules\ts-node\src\index.ts:1617:30)[39m
[31m    at Module._extensions..js (node:internal/modules/cjs/loader:1213:10)[39m
[31m    at Object.require.extensions.<computed> [as .ts] (C:\Users\KUYE_HARRY\Desktop\COOK\Ecommerce Api\node_modules\ts-node\src\index.ts:1621:12)[39m
[31m    at Module.load (node:internal/modules/cjs/loader:1037:32)[39m
[31m    at Function.Module._load (node:internal/modules/cjs/loader:878:12)[39m
[31m    at Module.require (node:internal/modules/cjs/loader:1061:19)[39m
2023-02-25 02:26:52 [31merror[39m: [31muncaughtException: â¨¯ Unable to compile TypeScript:[39m
[31m[96msource/controllers/Oauth.ts[0m:[93m24[0m:[93m66[0m - [91merror[0m[90m TS2554: [0mExpected 1 arguments, but got 0.[39m

[31m[7m24[0m           const { id_token, access_token } = await googleService.getToken();[39m
[31m[7m  [0m [91m                                                                 ~~~~~~~~~~[0m[39m

[31m  [96msource/service/googleOauth.ts[0m:[93m12[0m:[93m23[0m[39m
[31m    [7m 12[0m     getToken = async ({  // get Authorization Token[39m
[31m    [7m   [0m [96m                      ~~~~~~~~~~~~~~~~~~~~~~~~~~~~~[0m[39m
[31m    [7m 13[0m         code,[39m
[31m    [7m   [0m [96m~~~~~~~~~~~~~[0m[39m
[31m    [7m...[0m [39m
[31m    [7m 15[0m         code: string;[39m
[31m    [7m   [0m [96m~~~~~~~~~~~~~~~~~~~~~[0m[39m
[31m    [7m 16[0m       }): Promise<GoogleOauthToken> => {[39m
[31m    [7m   [0m [96m~~~~~~~[0m[39m
[31m    An argument matching this binding pattern was not provided.[39m

[31mTSError: â¨¯ Unable to compile TypeScript:[39m
[31m[96msource/controllers/Oauth.ts[0m:[93m24[0m:[93m66[0m - [91merror[0m[90m TS2554: [0mExpected 1 arguments, but got 0.[39m

[31m[7m24[0m           const { id_token, access_token } = await googleService.getToken();[39m
[31m[7m  [0m [91m                                                                 ~~~~~~~~~~[0m[39m

[31m  [96msource/service/googleOauth.ts[0m:[93m12[0m:[93m23[0m[39m
[31m    [7m 12[0m     getToken = async ({  // get Authorization Token[39m
[31m    [7m   [0m [96m                      ~~~~~~~~~~~~~~~~~~~~~~~~~~~~~[0m[39m
[31m    [7m 13[0m         code,[39m
[31m    [7m   [0m [96m~~~~~~~~~~~~~[0m[39m
[31m    [7m...[0m [39m
[31m    [7m 15[0m         code: string;[39m
[31m    [7m   [0m [96m~~~~~~~~~~~~~~~~~~~~~[0m[39m
[31m    [7m 16[0m       }): Promise<GoogleOauthToken> => {[39m
[31m    [7m   [0m [96m~~~~~~~[0m[39m
[31m    An argument matching this binding pattern was not provided.[39m

[31m    at createTSError (C:\Users\KUYE_HARRY\Desktop\COOK\Ecommerce Api\node_modules\ts-node\src\index.ts:859:12)[39m
[31m    at reportTSError (C:\Users\KUYE_HARRY\Desktop\COOK\Ecommerce Api\node_modules\ts-node\src\index.ts:863:19)[39m
[31m    at getOutput (C:\Users\KUYE_HARRY\Desktop\COOK\Ecommerce Api\node_modules\ts-node\src\index.ts:1077:36)[39m
[31m    at Object.compile (C:\Users\KUYE_HARRY\Desktop\COOK\Ecommerce Api\node_modules\ts-node\src\index.ts:1433:41)[39m
[31m    at Module.m._compile (C:\Users\KUYE_HARRY\Desktop\COOK\Ecommerce Api\node_modules\ts-node\src\index.ts:1617:30)[39m
[31m    at Module._extensions..js (node:internal/modules/cjs/loader:1213:10)[39m
[31m    at Object.require.extensions.<computed> [as .ts] (C:\Users\KUYE_HARRY\Desktop\COOK\Ecommerce Api\node_modules\ts-node\src\index.ts:1621:12)[39m
[31m    at Module.load (node:internal/modules/cjs/loader:1037:32)[39m
[31m    at Function.Module._load (node:internal/modules/cjs/loader:878:12)[39m
[31m    at Module.require (node:internal/modules/cjs/loader:1061:19)[39m
